<?xml version="1.0" encoding="UTF-8"?>
<!-- Generated by org.testng.reporters.JUnitReportReporter -->
<testsuite hostname="LAPTOP-PRTCFI5V" failures="0" tests="1" name="rahulshettyacademy.ExtentReports.ExtentReportDemo" time="9.259" errors="0" timestamp="2022-04-24T14:02:17 AST" skipped="0">
  <testcase classname="rahulshettyacademy.ExtentReports.ExtentReportDemo" name="initialDemo" time="9.259"/>
  <system-out/>
</testsuite> <!-- rahulshettyacademy.ExtentReports.ExtentReportDemo -->
